App19Smsandcallingservice/app/build/intermediates/manifest_merge_blame_file/debug/manifest-merger-blame-debug-report.txt
1<?xml version="1.0" encoding="utf-8"?>
2<manifest xmlns:android="http://schemas.android.com/apk/res/android"
3    package="com.example.app19_smsandcallingservice"
4    android:versionCode="1"
5    android:versionName="1.0" >
6
7    <uses-sdk
8        android:minSdkVersion="16"
8-->src\main\AndroidManifest.xml
9        android:targetSdkVersion="30" />
9-->src\main\AndroidManifest.xml
10
11    <uses-permission android:name="android.permission.SEND_SMS" />
11-->src\main\AndroidManifest.xml:4:5-66
11-->src\main\AndroidManifest.xml:4:22-64
12    <uses-permission android:name="android.permission.CALL_PHONE" />
12-->src\main\AndroidManifest.xml:5:5-68
12-->src\main\AndroidManifest.xml:5:22-66
13
14    <application
14-->src\main\AndroidManifest.xml:7:5-22:19
15        android:allowBackup="true"
15-->src\main\AndroidManifest.xml:8:9-35
16        android:appComponentFactory="androidx.core.app.CoreComponentFactory"
16-->[androidx.core:core:1.5.0] AndroidManifest.xml:24:18-86
17        android:debuggable="true"
18        android:icon="@mipmap/ic_launcher"
18-->src\main\AndroidManifest.xml:9:9-43
19        android:label="@string/app_name"
19-->src\main\AndroidManifest.xml:10:9-41
20        android:roundIcon="@mipmap/ic_launcher_round"
20-->src\main\AndroidManifest.xml:11:9-54
21        android:supportsRtl="true"
21-->src\main\AndroidManifest.xml:12:9-35
22        android:theme="@style/Theme.App19SmsAndCallingService" >
22-->src\main\AndroidManifest.xml:13:9-63
23        <activity android:name="com.example.app19_smsandcallingservice.MainActivity" >
23-->src\main\AndroidManifest.xml:14:9-19:20
23-->src\main\AndroidManifest.xml:14:19-47
24            <intent-filter>
24-->src\main\AndroidManifest.xml:15:13-18:29
25                <action android:name="android.intent.action.MAIN" />
25-->src\main\AndroidManifest.xml:16:17-69
25-->src\main\AndroidManifest.xml:16:25-66
26
27                <category android:name="android.intent.category.LAUNCHER" />
27-->src\main\AndroidManifest.xml:17:17-77
27-->src\main\AndroidManifest.xml:17:27-74
28            </intent-filter>
29        </activity>
30        <activity android:name="com.example.app19_smsandcallingservice.Call" />
30-->src\main\AndroidManifest.xml:20:9-41
30-->src\main\AndroidManifest.xml:20:19-39
31        <activity android:name="com.example.app19_smsandcallingservice.Sms" />
31-->src\main\AndroidManifest.xml:21:9-41
31-->src\main\AndroidManifest.xml:21:19-38
32    </application>
33
34</manifest>